Build started 7/29/2014 5:10:35 PM.
     1>Project "C:\Users\Darrel\Documents\Visual Studio 2010\Experiment\Experiment\Experiment.vcxproj" on node 2 (build target(s)).
     1>InitializeBuildStatus:
         Creating "Debug\Experiment.unsuccessfulbuild" because "AlwaysCreate" was specified.
       ClCompile:
         c:\Program Files (x86)\Microsoft Visual Studio 10.0\VC\bin\CL.exe /c /I"C:\Users\Darrel\Documents\Visual Studio 2010\Experiment\Experiment\include\Force_Sensor_include_old" /I"../../chai3d-3.0.0/src" /I./include /ZI /nologo /W3 /WX- /Od /Oy- /D WIN32 /D _DEBUG /D _CONSOLE /D _MBCS /Gm /EHsc /RTC1 /MDd /GS /fp:precise /Zc:wchar_t /Zc:forScope /Fo"Debug\\" /Fd"Debug\vc100.pdb" /Gd /TP /analyze- /errorReport:prompt Source\main.cpp
         main.cpp
     1>c:\users\darrel\documents\visual studio 2010\chai3d-3.0.0\src\math\cvector3d.h(352): warning C4996: 'sscanf': This function or variable may be unsafe. Consider using sscanf_s instead. To disable deprecation, use _CRT_SECURE_NO_WARNINGS. See online help for details.
                 c:\program files (x86)\microsoft visual studio 10.0\vc\include\stdio.h(325) : see declaration of 'sscanf'
     1>c:\users\darrel\documents\visual studio 2010\experiment\experiment\include\force_sensor_include_old\ftconfig.h(53): warning C4005: 'PI' : macro redefinition
                 c:\users\darrel\documents\visual studio 2010\experiment\experiment\include\cneurotouch.h(119) : see previous definition of 'PI'
     1>c:\users\darrel\documents\visual studio 2010\experiment\experiment\source\main.cpp(68): warning C4129: 'C' : unrecognized character escape sequence
     1>c:\users\darrel\documents\visual studio 2010\experiment\experiment\source\main.cpp(68): warning C4129: 'F' : unrecognized character escape sequence
         All outputs are up-to-date.
       ManifestResourceCompile:
         All outputs are up-to-date.
       Link:
         c:\Program Files (x86)\Microsoft Visual Studio 10.0\VC\bin\link.exe /ERRORREPORT:PROMPT /OUT:"C:\Users\Darrel\Documents\Visual Studio 2010\Experiment\Debug\Experiment.exe" /INCREMENTAL /NOLOGO /LIBPATH:./libs chai3d.lib freeglut.lib cbw32.lib NIDAQmx.lib Force_Sensor_2010.lib kernel32.lib user32.lib gdi32.lib winspool.lib comdlg32.lib advapi32.lib shell32.lib ole32.lib oleaut32.lib uuid.lib odbc32.lib odbccp32.lib /MANIFEST /ManifestFile:"Debug\Experiment.exe.intermediate.manifest" /MANIFESTUAC:"level='asInvoker' uiAccess='false'" /DEBUG /PDB:"C:\Users\Darrel\Documents\Visual Studio 2010\Experiment\Debug\Experiment.pdb" /SUBSYSTEM:CONSOLE /TLBID:1 /DYNAMICBASE /NXCOMPAT /IMPLIB:"C:\Users\Darrel\Documents\Visual Studio 2010\Experiment\Debug\Experiment.lib" /MACHINE:X86 Debug\Experiment.exe.embed.manifest.res
         Debug\cATIForceSensor.obj
         Debug\cDaqHardwareInterface.obj
         Debug\cForceSensor.obj
         Debug\cNeuroTouch.obj
         Debug\data.obj
         Debug\Emotiv.obj
         Debug\experiment.obj
         Debug\graphics.obj
         Debug\main.obj
         Debug\NetworkingUtils.obj
         Debug\NeuroTouch.obj
         Debug\NIDAQcommands.obj
         Debug\OscOutboundPacketStream.obj
         Debug\OscPrintReceivedElements.obj
         Debug\OscReceivedElements.obj
         Debug\OscTypes.obj
         Debug\OSC_Listener.obj
         Debug\Phantom.obj
         Debug\UdpSocket.obj
         Debug\WIN626.obj
     1>chai3d.lib(dgif_lib.obj) : warning LNK4099: PDB 'vc90.pdb' was not found with 'chai3d.lib(dgif_lib.obj)' or at 'C:\Users\Darrel\Documents\Visual Studio 2010\Experiment\Debug\vc90.pdb'; linking object as if no debug info
     1>chai3d.lib(egif_lib.obj) : warning LNK4099: PDB 'vc90.pdb' was not found with 'chai3d.lib(egif_lib.obj)' or at 'C:\Users\Darrel\Documents\Visual Studio 2010\Experiment\Debug\vc90.pdb'; linking object as if no debug info
     1>chai3d.lib(gifalloc.obj) : warning LNK4099: PDB 'vc90.pdb' was not found with 'chai3d.lib(gifalloc.obj)' or at 'C:\Users\Darrel\Documents\Visual Studio 2010\Experiment\Debug\vc90.pdb'; linking object as if no debug info
     1>chai3d.lib(gif_err.obj) : warning LNK4099: PDB 'vc90.pdb' was not found with 'chai3d.lib(gif_err.obj)' or at 'C:\Users\Darrel\Documents\Visual Studio 2010\Experiment\Debug\vc90.pdb'; linking object as if no debug info
     1>chai3d.lib(gif_hash.obj) : warning LNK4099: PDB 'vc90.pdb' was not found with 'chai3d.lib(gif_hash.obj)' or at 'C:\Users\Darrel\Documents\Visual Studio 2010\Experiment\Debug\vc90.pdb'; linking object as if no debug info
     1>chai3d.lib(glew.obj) : warning LNK4099: PDB 'vc90.pdb' was not found with 'chai3d.lib(glew.obj)' or at 'C:\Users\Darrel\Documents\Visual Studio 2010\Experiment\Debug\vc90.pdb'; linking object as if no debug info
     1>chai3d.lib(jaricom.obj) : warning LNK4099: PDB 'vc90.pdb' was not found with 'chai3d.lib(jaricom.obj)' or at 'C:\Users\Darrel\Documents\Visual Studio 2010\Experiment\Debug\vc90.pdb'; linking object as if no debug info
     1>chai3d.lib(jcapimin.obj) : warning LNK4099: PDB 'vc90.pdb' was not found with 'chai3d.lib(jcapimin.obj)' or at 'C:\Users\Darrel\Documents\Visual Studio 2010\Experiment\Debug\vc90.pdb'; linking object as if no debug info
     1>chai3d.lib(jcapistd.obj) : warning LNK4099: PDB 'vc90.pdb' was not found with 'chai3d.lib(jcapistd.obj)' or at 'C:\Users\Darrel\Documents\Visual Studio 2010\Experiment\Debug\vc90.pdb'; linking object as if no debug info
     1>chai3d.lib(jcarith.obj) : warning LNK4099: PDB 'vc90.pdb' was not found with 'chai3d.lib(jcarith.obj)' or at 'C:\Users\Darrel\Documents\Visual Studio 2010\Experiment\Debug\vc90.pdb'; linking object as if no debug info
     1>chai3d.lib(jccoefct.obj) : warning LNK4099: PDB 'vc90.pdb' was not found with 'chai3d.lib(jccoefct.obj)' or at 'C:\Users\Darrel\Documents\Visual Studio 2010\Experiment\Debug\vc90.pdb'; linking object as if no debug info
     1>chai3d.lib(jccolor.obj) : warning LNK4099: PDB 'vc90.pdb' was not found with 'chai3d.lib(jccolor.obj)' or at 'C:\Users\Darrel\Documents\Visual Studio 2010\Experiment\Debug\vc90.pdb'; linking object as if no debug info
     1>chai3d.lib(jcdctmgr.obj) : warning LNK4099: PDB 'vc90.pdb' was not found with 'chai3d.lib(jcdctmgr.obj)' or at 'C:\Users\Darrel\Documents\Visual Studio 2010\Experiment\Debug\vc90.pdb'; linking object as if no debug info
     1>chai3d.lib(jchuff.obj) : warning LNK4099: PDB 'vc90.pdb' was not found with 'chai3d.lib(jchuff.obj)' or at 'C:\Users\Darrel\Documents\Visual Studio 2010\Experiment\Debug\vc90.pdb'; linking object as if no debug info
     1>chai3d.lib(jcinit.obj) : warning LNK4099: PDB 'vc90.pdb' was not found with 'chai3d.lib(jcinit.obj)' or at 'C:\Users\Darrel\Documents\Visual Studio 2010\Experiment\Debug\vc90.pdb'; linking object as if no debug info
     1>chai3d.lib(jcmainct.obj) : warning LNK4099: PDB 'vc90.pdb' was not found with 'chai3d.lib(jcmainct.obj)' or at 'C:\Users\Darrel\Documents\Visual Studio 2010\Experiment\Debug\vc90.pdb'; linking object as if no debug info
     1>chai3d.lib(jcmarker.obj) : warning LNK4099: PDB 'vc90.pdb' was not found with 'chai3d.lib(jcmarker.obj)' or at 'C:\Users\Darrel\Documents\Visual Studio 2010\Experiment\Debug\vc90.pdb'; linking object as if no debug info
     1>chai3d.lib(jcmaster.obj) : warning LNK4099: PDB 'vc90.pdb' was not found with 'chai3d.lib(jcmaster.obj)' or at 'C:\Users\Darrel\Documents\Visual Studio 2010\Experiment\Debug\vc90.pdb'; linking object as if no debug info
     1>chai3d.lib(jcomapi.obj) : warning LNK4099: PDB 'vc90.pdb' was not found with 'chai3d.lib(jcomapi.obj)' or at 'C:\Users\Darrel\Documents\Visual Studio 2010\Experiment\Debug\vc90.pdb'; linking object as if no debug info
     1>chai3d.lib(jcparam.obj) : warning LNK4099: PDB 'vc90.pdb' was not found with 'chai3d.lib(jcparam.obj)' or at 'C:\Users\Darrel\Documents\Visual Studio 2010\Experiment\Debug\vc90.pdb'; linking object as if no debug info
     1>chai3d.lib(jcprepct.obj) : warning LNK4099: PDB 'vc90.pdb' was not found with 'chai3d.lib(jcprepct.obj)' or at 'C:\Users\Darrel\Documents\Visual Studio 2010\Experiment\Debug\vc90.pdb'; linking object as if no debug info
     1>chai3d.lib(jcsample.obj) : warning LNK4099: PDB 'vc90.pdb' was not found with 'chai3d.lib(jcsample.obj)' or at 'C:\Users\Darrel\Documents\Visual Studio 2010\Experiment\Debug\vc90.pdb'; linking object as if no debug info
     1>chai3d.lib(jdapimin.obj) : warning LNK4099: PDB 'vc90.pdb' was not found with 'chai3d.lib(jdapimin.obj)' or at 'C:\Users\Darrel\Documents\Visual Studio 2010\Experiment\Debug\vc90.pdb'; linking object as if no debug info
     1>chai3d.lib(jdapistd.obj) : warning LNK4099: PDB 'vc90.pdb' was not found with 'chai3d.lib(jdapistd.obj)' or at 'C:\Users\Darrel\Documents\Visual Studio 2010\Experiment\Debug\vc90.pdb'; linking object as if no debug info
     1>chai3d.lib(jdarith.obj) : warning LNK4099: PDB 'vc90.pdb' was not found with 'chai3d.lib(jdarith.obj)' or at 'C:\Users\Darrel\Documents\Visual Studio 2010\Experiment\Debug\vc90.pdb'; linking object as if no debug info
     1>chai3d.lib(jdatadst.obj) : warning LNK4099: PDB 'vc90.pdb' was not found with 'chai3d.lib(jdatadst.obj)' or at 'C:\Users\Darrel\Documents\Visual Studio 2010\Experiment\Debug\vc90.pdb'; linking object as if no debug info
     1>chai3d.lib(jdatasrc.obj) : warning LNK4099: PDB 'vc90.pdb' was not found with 'chai3d.lib(jdatasrc.obj)' or at 'C:\Users\Darrel\Documents\Visual Studio 2010\Experiment\Debug\vc90.pdb'; linking object as if no debug info
     1>chai3d.lib(jdcoefct.obj) : warning LNK4099: PDB 'vc90.pdb' was not found with 'chai3d.lib(jdcoefct.obj)' or at 'C:\Users\Darrel\Documents\Visual Studio 2010\Experiment\Debug\vc90.pdb'; linking object as if no debug info
     1>chai3d.lib(jdcolor.obj) : warning LNK4099: PDB 'vc90.pdb' was not found with 'chai3d.lib(jdcolor.obj)' or at 'C:\Users\Darrel\Documents\Visual Studio 2010\Experiment\Debug\vc90.pdb'; linking object as if no debug info
     1>chai3d.lib(jddctmgr.obj) : warning LNK4099: PDB 'vc90.pdb' was not found with 'chai3d.lib(jddctmgr.obj)' or at 'C:\Users\Darrel\Documents\Visual Studio 2010\Experiment\Debug\vc90.pdb'; linking object as if no debug info
     1>chai3d.lib(jdhuff.obj) : warning LNK4099: PDB 'vc90.pdb' was not found with 'chai3d.lib(jdhuff.obj)' or at 'C:\Users\Darrel\Documents\Visual Studio 2010\Experiment\Debug\vc90.pdb'; linking object as if no debug info
     1>chai3d.lib(jdinput.obj) : warning LNK4099: PDB 'vc90.pdb' was not found with 'chai3d.lib(jdinput.obj)' or at 'C:\Users\Darrel\Documents\Visual Studio 2010\Experiment\Debug\vc90.pdb'; linking object as if no debug info
     1>chai3d.lib(jdmainct.obj) : warning LNK4099: PDB 'vc90.pdb' was not found with 'chai3d.lib(jdmainct.obj)' or at 'C:\Users\Darrel\Documents\Visual Studio 2010\Experiment\Debug\vc90.pdb'; linking object as if no debug info
     1>chai3d.lib(jdmarker.obj) : warning LNK4099: PDB 'vc90.pdb' was not found with 'chai3d.lib(jdmarker.obj)' or at 'C:\Users\Darrel\Documents\Visual Studio 2010\Experiment\Debug\vc90.pdb'; linking object as if no debug info
     1>chai3d.lib(jdmaster.obj) : warning LNK4099: PDB 'vc90.pdb' was not found with 'chai3d.lib(jdmaster.obj)' or at 'C:\Users\Darrel\Documents\Visual Studio 2010\Experiment\Debug\vc90.pdb'; linking object as if no debug info
     1>chai3d.lib(jdmerge.obj) : warning LNK4099: PDB 'vc90.pdb' was not found with 'chai3d.lib(jdmerge.obj)' or at 'C:\Users\Darrel\Documents\Visual Studio 2010\Experiment\Debug\vc90.pdb'; linking object as if no debug info
     1>chai3d.lib(jdpostct.obj) : warning LNK4099: PDB 'vc90.pdb' was not found with 'chai3d.lib(jdpostct.obj)' or at 'C:\Users\Darrel\Documents\Visual Studio 2010\Experiment\Debug\vc90.pdb'; linking object as if no debug info
     1>chai3d.lib(jdsample.obj) : warning LNK4099: PDB 'vc90.pdb' was not found with 'chai3d.lib(jdsample.obj)' or at 'C:\Users\Darrel\Documents\Visual Studio 2010\Experiment\Debug\vc90.pdb'; linking object as if no debug info
     1>chai3d.lib(jerror.obj) : warning LNK4099: PDB 'vc90.pdb' was not found with 'chai3d.lib(jerror.obj)' or at 'C:\Users\Darrel\Documents\Visual Studio 2010\Experiment\Debug\vc90.pdb'; linking object as if no debug info
     1>chai3d.lib(jfdctflt.obj) : warning LNK4099: PDB 'vc90.pdb' was not found with 'chai3d.lib(jfdctflt.obj)' or at 'C:\Users\Darrel\Documents\Visual Studio 2010\Experiment\Debug\vc90.pdb'; linking object as if no debug info
     1>chai3d.lib(jfdctfst.obj) : warning LNK4099: PDB 'vc90.pdb' was not found with 'chai3d.lib(jfdctfst.obj)' or at 'C:\Users\Darrel\Documents\Visual Studio 2010\Experiment\Debug\vc90.pdb'; linking object as if no debug info
     1>chai3d.lib(jfdctint.obj) : warning LNK4099: PDB 'vc90.pdb' was not found with 'chai3d.lib(jfdctint.obj)' or at 'C:\Users\Darrel\Documents\Visual Studio 2010\Experiment\Debug\vc90.pdb'; linking object as if no debug info
     1>chai3d.lib(jidctflt.obj) : warning LNK4099: PDB 'vc90.pdb' was not found with 'chai3d.lib(jidctflt.obj)' or at 'C:\Users\Darrel\Documents\Visual Studio 2010\Experiment\Debug\vc90.pdb'; linking object as if no debug info
     1>chai3d.lib(jidctfst.obj) : warning LNK4099: PDB 'vc90.pdb' was not found with 'chai3d.lib(jidctfst.obj)' or at 'C:\Users\Darrel\Documents\Visual Studio 2010\Experiment\Debug\vc90.pdb'; linking object as if no debug info
     1>chai3d.lib(jidctint.obj) : warning LNK4099: PDB 'vc90.pdb' was not found with 'chai3d.lib(jidctint.obj)' or at 'C:\Users\Darrel\Documents\Visual Studio 2010\Experiment\Debug\vc90.pdb'; linking object as if no debug info
     1>chai3d.lib(jmemmgr.obj) : warning LNK4099: PDB 'vc90.pdb' was not found with 'chai3d.lib(jmemmgr.obj)' or at 'C:\Users\Darrel\Documents\Visual Studio 2010\Experiment\Debug\vc90.pdb'; linking object as if no debug info
     1>chai3d.lib(jmemnobs.obj) : warning LNK4099: PDB 'vc90.pdb' was not found with 'chai3d.lib(jmemnobs.obj)' or at 'C:\Users\Darrel\Documents\Visual Studio 2010\Experiment\Debug\vc90.pdb'; linking object as if no debug info
     1>chai3d.lib(jquant1.obj) : warning LNK4099: PDB 'vc90.pdb' was not found with 'chai3d.lib(jquant1.obj)' or at 'C:\Users\Darrel\Documents\Visual Studio 2010\Experiment\Debug\vc90.pdb'; linking object as if no debug info
     1>chai3d.lib(jquant2.obj) : warning LNK4099: PDB 'vc90.pdb' was not found with 'chai3d.lib(jquant2.obj)' or at 'C:\Users\Darrel\Documents\Visual Studio 2010\Experiment\Debug\vc90.pdb'; linking object as if no debug info
     1>chai3d.lib(jutils.obj) : warning LNK4099: PDB 'vc90.pdb' was not found with 'chai3d.lib(jutils.obj)' or at 'C:\Users\Darrel\Documents\Visual Studio 2010\Experiment\Debug\vc90.pdb'; linking object as if no debug info
     1>chai3d.lib(adler32.obj) : warning LNK4099: PDB 'vc90.pdb' was not found with 'chai3d.lib(adler32.obj)' or at 'C:\Users\Darrel\Documents\Visual Studio 2010\Experiment\Debug\vc90.pdb'; linking object as if no debug info
     1>chai3d.lib(crc32.obj) : warning LNK4099: PDB 'vc90.pdb' was not found with 'chai3d.lib(crc32.obj)' or at 'C:\Users\Darrel\Documents\Visual Studio 2010\Experiment\Debug\vc90.pdb'; linking object as if no debug info
     1>chai3d.lib(deflate.obj) : warning LNK4099: PDB 'vc90.pdb' was not found with 'chai3d.lib(deflate.obj)' or at 'C:\Users\Darrel\Documents\Visual Studio 2010\Experiment\Debug\vc90.pdb'; linking object as if no debug info
     1>chai3d.lib(inffast.obj) : warning LNK4099: PDB 'vc90.pdb' was not found with 'chai3d.lib(inffast.obj)' or at 'C:\Users\Darrel\Documents\Visual Studio 2010\Experiment\Debug\vc90.pdb'; linking object as if no debug info
     1>chai3d.lib(inflate.obj) : warning LNK4099: PDB 'vc90.pdb' was not found with 'chai3d.lib(inflate.obj)' or at 'C:\Users\Darrel\Documents\Visual Studio 2010\Experiment\Debug\vc90.pdb'; linking object as if no debug info
     1>chai3d.lib(inftrees.obj) : warning LNK4099: PDB 'vc90.pdb' was not found with 'chai3d.lib(inftrees.obj)' or at 'C:\Users\Darrel\Documents\Visual Studio 2010\Experiment\Debug\vc90.pdb'; linking object as if no debug info
     1>chai3d.lib(png.obj) : warning LNK4099: PDB 'vc90.pdb' was not found with 'chai3d.lib(png.obj)' or at 'C:\Users\Darrel\Documents\Visual Studio 2010\Experiment\Debug\vc90.pdb'; linking object as if no debug info
     1>chai3d.lib(pngerror.obj) : warning LNK4099: PDB 'vc90.pdb' was not found with 'chai3d.lib(pngerror.obj)' or at 'C:\Users\Darrel\Documents\Visual Studio 2010\Experiment\Debug\vc90.pdb'; linking object as if no debug info
     1>chai3d.lib(pngget.obj) : warning LNK4099: PDB 'vc90.pdb' was not found with 'chai3d.lib(pngget.obj)' or at 'C:\Users\Darrel\Documents\Visual Studio 2010\Experiment\Debug\vc90.pdb'; linking object as if no debug info
     1>chai3d.lib(pngmem.obj) : warning LNK4099: PDB 'vc90.pdb' was not found with 'chai3d.lib(pngmem.obj)' or at 'C:\Users\Darrel\Documents\Visual Studio 2010\Experiment\Debug\vc90.pdb'; linking object as if no debug info
     1>chai3d.lib(pngread.obj) : warning LNK4099: PDB 'vc90.pdb' was not found with 'chai3d.lib(pngread.obj)' or at 'C:\Users\Darrel\Documents\Visual Studio 2010\Experiment\Debug\vc90.pdb'; linking object as if no debug info
     1>chai3d.lib(pngrio.obj) : warning LNK4099: PDB 'vc90.pdb' was not found with 'chai3d.lib(pngrio.obj)' or at 'C:\Users\Darrel\Documents\Visual Studio 2010\Experiment\Debug\vc90.pdb'; linking object as if no debug info
     1>chai3d.lib(pngrtran.obj) : warning LNK4099: PDB 'vc90.pdb' was not found with 'chai3d.lib(pngrtran.obj)' or at 'C:\Users\Darrel\Documents\Visual Studio 2010\Experiment\Debug\vc90.pdb'; linking object as if no debug info
     1>chai3d.lib(pngrutil.obj) : warning LNK4099: PDB 'vc90.pdb' was not found with 'chai3d.lib(pngrutil.obj)' or at 'C:\Users\Darrel\Documents\Visual Studio 2010\Experiment\Debug\vc90.pdb'; linking object as if no debug info
     1>chai3d.lib(pngset.obj) : warning LNK4099: PDB 'vc90.pdb' was not found with 'chai3d.lib(pngset.obj)' or at 'C:\Users\Darrel\Documents\Visual Studio 2010\Experiment\Debug\vc90.pdb'; linking object as if no debug info
     1>chai3d.lib(pngtrans.obj) : warning LNK4099: PDB 'vc90.pdb' was not found with 'chai3d.lib(pngtrans.obj)' or at 'C:\Users\Darrel\Documents\Visual Studio 2010\Experiment\Debug\vc90.pdb'; linking object as if no debug info
     1>chai3d.lib(pngwio.obj) : warning LNK4099: PDB 'vc90.pdb' was not found with 'chai3d.lib(pngwio.obj)' or at 'C:\Users\Darrel\Documents\Visual Studio 2010\Experiment\Debug\vc90.pdb'; linking object as if no debug info
     1>chai3d.lib(pngwrite.obj) : warning LNK4099: PDB 'vc90.pdb' was not found with 'chai3d.lib(pngwrite.obj)' or at 'C:\Users\Darrel\Documents\Visual Studio 2010\Experiment\Debug\vc90.pdb'; linking object as if no debug info
     1>chai3d.lib(pngwtran.obj) : warning LNK4099: PDB 'vc90.pdb' was not found with 'chai3d.lib(pngwtran.obj)' or at 'C:\Users\Darrel\Documents\Visual Studio 2010\Experiment\Debug\vc90.pdb'; linking object as if no debug info
     1>chai3d.lib(pngwutil.obj) : warning LNK4099: PDB 'vc90.pdb' was not found with 'chai3d.lib(pngwutil.obj)' or at 'C:\Users\Darrel\Documents\Visual Studio 2010\Experiment\Debug\vc90.pdb'; linking object as if no debug info
     1>chai3d.lib(trees.obj) : warning LNK4099: PDB 'vc90.pdb' was not found with 'chai3d.lib(trees.obj)' or at 'C:\Users\Darrel\Documents\Visual Studio 2010\Experiment\Debug\vc90.pdb'; linking object as if no debug info
     1>chai3d.lib(zutil.obj) : warning LNK4099: PDB 'vc90.pdb' was not found with 'chai3d.lib(zutil.obj)' or at 'C:\Users\Darrel\Documents\Visual Studio 2010\Experiment\Debug\vc90.pdb'; linking object as if no debug info
     1>chai3d.lib(CCollisionAABB.obj) : warning LNK4099: PDB 'vc90.pdb' was not found with 'chai3d.lib(CCollisionAABB.obj)' or at 'C:\Users\Darrel\Documents\Visual Studio 2010\Experiment\Debug\vc90.pdb'; linking object as if no debug info
     1>chai3d.lib(CCollisionAABBTree.obj) : warning LNK4099: PDB 'vc90.pdb' was not found with 'chai3d.lib(CCollisionAABBTree.obj)' or at 'C:\Users\Darrel\Documents\Visual Studio 2010\Experiment\Debug\vc90.pdb'; linking object as if no debug info
     1>chai3d.lib(CCollisionBrute.obj) : warning LNK4099: PDB 'vc90.pdb' was not found with 'chai3d.lib(CCollisionBrute.obj)' or at 'C:\Users\Darrel\Documents\Visual Studio 2010\Experiment\Debug\vc90.pdb'; linking object as if no debug info
     1>chai3d.lib(CGenericCollision.obj) : warning LNK4099: PDB 'vc90.pdb' was not found with 'chai3d.lib(CGenericCollision.obj)' or at 'C:\Users\Darrel\Documents\Visual Studio 2010\Experiment\Debug\vc90.pdb'; linking object as if no debug info
     1>chai3d.lib(CDeltaDevices.obj) : warning LNK4099: PDB 'vc90.pdb' was not found with 'chai3d.lib(CDeltaDevices.obj)' or at 'C:\Users\Darrel\Documents\Visual Studio 2010\Experiment\Debug\vc90.pdb'; linking object as if no debug info
     1>chai3d.lib(CGenericDevice.obj) : warning LNK4099: PDB 'vc90.pdb' was not found with 'chai3d.lib(CGenericDevice.obj)' or at 'C:\Users\Darrel\Documents\Visual Studio 2010\Experiment\Debug\vc90.pdb'; linking object as if no debug info
     1>chai3d.lib(CGenericHapticDevice.obj) : warning LNK4099: PDB 'vc90.pdb' was not found with 'chai3d.lib(CGenericHapticDevice.obj)' or at 'C:\Users\Darrel\Documents\Visual Studio 2010\Experiment\Debug\vc90.pdb'; linking object as if no debug info
     1>chai3d.lib(CHapticDeviceHandler.obj) : warning LNK4099: PDB 'vc90.pdb' was not found with 'chai3d.lib(CHapticDeviceHandler.obj)' or at 'C:\Users\Darrel\Documents\Visual Studio 2010\Experiment\Debug\vc90.pdb'; linking object as if no debug info
     1>chai3d.lib(CMyCustomDevice.obj) : warning LNK4099: PDB 'vc90.pdb' was not found with 'chai3d.lib(CMyCustomDevice.obj)' or at 'C:\Users\Darrel\Documents\Visual Studio 2010\Experiment\Debug\vc90.pdb'; linking object as if no debug info
     1>chai3d.lib(CPhantomDevices.obj) : warning LNK4099: PDB 'vc90.pdb' was not found with 'chai3d.lib(CPhantomDevices.obj)' or at 'C:\Users\Darrel\Documents\Visual Studio 2010\Experiment\Debug\vc90.pdb'; linking object as if no debug info
     1>chai3d.lib(CCamera.obj) : warning LNK4099: PDB 'vc90.pdb' was not found with 'chai3d.lib(CCamera.obj)' or at 'C:\Users\Darrel\Documents\Visual Studio 2010\Experiment\Debug\vc90.pdb'; linking object as if no debug info
     1>chai3d.lib(CEffectMagnet.obj) : warning LNK4099: PDB 'vc90.pdb' was not found with 'chai3d.lib(CEffectMagnet.obj)' or at 'C:\Users\Darrel\Documents\Visual Studio 2010\Experiment\Debug\vc90.pdb'; linking object as if no debug info
     1>chai3d.lib(CEffectStickSlip.obj) : warning LNK4099: PDB 'vc90.pdb' was not found with 'chai3d.lib(CEffectStickSlip.obj)' or at 'C:\Users\Darrel\Documents\Visual Studio 2010\Experiment\Debug\vc90.pdb'; linking object as if no debug info
     1>chai3d.lib(CEffectSurface.obj) : warning LNK4099: PDB 'vc90.pdb' was not found with 'chai3d.lib(CEffectSurface.obj)' or at 'C:\Users\Darrel\Documents\Visual Studio 2010\Experiment\Debug\vc90.pdb'; linking object as if no debug info
     1>chai3d.lib(CEffectVibration.obj) : warning LNK4099: PDB 'vc90.pdb' was not found with 'chai3d.lib(CEffectVibration.obj)' or at 'C:\Users\Darrel\Documents\Visual Studio 2010\Experiment\Debug\vc90.pdb'; linking object as if no debug info
     1>chai3d.lib(CEffectViscosity.obj) : warning LNK4099: PDB 'vc90.pdb' was not found with 'chai3d.lib(CEffectViscosity.obj)' or at 'C:\Users\Darrel\Documents\Visual Studio 2010\Experiment\Debug\vc90.pdb'; linking object as if no debug info
     1>chai3d.lib(CGenericEffect.obj) : warning LNK4099: PDB 'vc90.pdb' was not found with 'chai3d.lib(CGenericEffect.obj)' or at 'C:\Users\Darrel\Documents\Visual Studio 2010\Experiment\Debug\vc90.pdb'; linking object as if no debug info
     1>chai3d.lib(CFileImageBMP.obj) : warning LNK4099: PDB 'vc90.pdb' was not found with 'chai3d.lib(CFileImageBMP.obj)' or at 'C:\Users\Darrel\Documents\Visual Studio 2010\Experiment\Debug\vc90.pdb'; linking object as if no debug info
     1>chai3d.lib(CFileImageGIF.obj) : warning LNK4099: PDB 'vc90.pdb' was not found with 'chai3d.lib(CFileImageGIF.obj)' or at 'C:\Users\Darrel\Documents\Visual Studio 2010\Experiment\Debug\vc90.pdb'; linking object as if no debug info
     1>chai3d.lib(CFileImageJPG.obj) : warning LNK4099: PDB 'vc90.pdb' was not found with 'chai3d.lib(CFileImageJPG.obj)' or at 'C:\Users\Darrel\Documents\Visual Studio 2010\Experiment\Debug\vc90.pdb'; linking object as if no debug info
     1>chai3d.lib(CFileImagePNG.obj) : warning LNK4099: PDB 'vc90.pdb' was not found with 'chai3d.lib(CFileImagePNG.obj)' or at 'C:\Users\Darrel\Documents\Visual Studio 2010\Experiment\Debug\vc90.pdb'; linking object as if no debug info
     1>chai3d.lib(CFileImagePPM.obj) : warning LNK4099: PDB 'vc90.pdb' was not found with 'chai3d.lib(CFileImagePPM.obj)' or at 'C:\Users\Darrel\Documents\Visual Studio 2010\Experiment\Debug\vc90.pdb'; linking object as if no debug info
     1>chai3d.lib(CFileImageRAW.obj) : warning LNK4099: PDB 'vc90.pdb' was not found with 'chai3d.lib(CFileImageRAW.obj)' or at 'C:\Users\Darrel\Documents\Visual Studio 2010\Experiment\Debug\vc90.pdb'; linking object as if no debug info
     1>chai3d.lib(CColor.obj) : warning LNK4099: PDB 'vc90.pdb' was not found with 'chai3d.lib(CColor.obj)' or at 'C:\Users\Darrel\Documents\Visual Studio 2010\Experiment\Debug\vc90.pdb'; linking object as if no debug info
     1>chai3d.lib(CDisplayList.obj) : warning LNK4099: PDB 'vc90.pdb' was not found with 'chai3d.lib(CDisplayList.obj)' or at 'C:\Users\Darrel\Documents\Visual Studio 2010\Experiment\Debug\vc90.pdb'; linking object as if no debug info
     1>chai3d.lib(CDraw3D.obj) : warning LNK4099: PDB 'vc90.pdb' was not found with 'chai3d.lib(CDraw3D.obj)' or at 'C:\Users\Darrel\Documents\Visual Studio 2010\Experiment\Debug\vc90.pdb'; linking object as if no debug info
     1>chai3d.lib(CFog.obj) : warning LNK4099: PDB 'vc90.pdb' was not found with 'chai3d.lib(CFog.obj)' or at 'C:\Users\Darrel\Documents\Visual Studio 2010\Experiment\Debug\vc90.pdb'; linking object as if no debug info
     1>chai3d.lib(CFont.obj) : warning LNK4099: PDB 'vc90.pdb' was not found with 'chai3d.lib(CFont.obj)' or at 'C:\Users\Darrel\Documents\Visual Studio 2010\Experiment\Debug\vc90.pdb'; linking object as if no debug info
     1>chai3d.lib(CImage.obj) : warning LNK4099: PDB 'vc90.pdb' was not found with 'chai3d.lib(CImage.obj)' or at 'C:\Users\Darrel\Documents\Visual Studio 2010\Experiment\Debug\vc90.pdb'; linking object as if no debug info
     1>chai3d.lib(CPrimitives.obj) : warning LNK4099: PDB 'vc90.pdb' was not found with 'chai3d.lib(CPrimitives.obj)' or at 'C:\Users\Darrel\Documents\Visual Studio 2010\Experiment\Debug\vc90.pdb'; linking object as if no debug info
     1>chai3d.lib(CTriangleArray.obj) : warning LNK4099: PDB 'vc90.pdb' was not found with 'chai3d.lib(CTriangleArray.obj)' or at 'C:\Users\Darrel\Documents\Visual Studio 2010\Experiment\Debug\vc90.pdb'; linking object as if no debug info
     1>chai3d.lib(CDirectionalLight.obj) : warning LNK4099: PDB 'vc90.pdb' was not found with 'chai3d.lib(CDirectionalLight.obj)' or at 'C:\Users\Darrel\Documents\Visual Studio 2010\Experiment\Debug\vc90.pdb'; linking object as if no debug info
     1>chai3d.lib(CGenericLight.obj) : warning LNK4099: PDB 'vc90.pdb' was not found with 'chai3d.lib(CGenericLight.obj)' or at 'C:\Users\Darrel\Documents\Visual Studio 2010\Experiment\Debug\vc90.pdb'; linking object as if no debug info
     1>chai3d.lib(CPositionalLight.obj) : warning LNK4099: PDB 'vc90.pdb' was not found with 'chai3d.lib(CPositionalLight.obj)' or at 'C:\Users\Darrel\Documents\Visual Studio 2010\Experiment\Debug\vc90.pdb'; linking object as if no debug info
     1>chai3d.lib(CShadowMap.obj) : warning LNK4099: PDB 'vc90.pdb' was not found with 'chai3d.lib(CShadowMap.obj)' or at 'C:\Users\Darrel\Documents\Visual Studio 2010\Experiment\Debug\vc90.pdb'; linking object as if no debug info
     1>chai3d.lib(CSpotLight.obj) : warning LNK4099: PDB 'vc90.pdb' was not found with 'chai3d.lib(CSpotLight.obj)' or at 'C:\Users\Darrel\Documents\Visual Studio 2010\Experiment\Debug\vc90.pdb'; linking object as if no debug info
     1>chai3d.lib(CMaterial.obj) : warning LNK4099: PDB 'vc90.pdb' was not found with 'chai3d.lib(CMaterial.obj)' or at 'C:\Users\Darrel\Documents\Visual Studio 2010\Experiment\Debug\vc90.pdb'; linking object as if no debug info
     1>chai3d.lib(CTexture1d.obj) : warning LNK4099: PDB 'vc90.pdb' was not found with 'chai3d.lib(CTexture1d.obj)' or at 'C:\Users\Darrel\Documents\Visual Studio 2010\Experiment\Debug\vc90.pdb'; linking object as if no debug info
     1>chai3d.lib(CTexture2d.obj) : warning LNK4099: PDB 'vc90.pdb' was not found with 'chai3d.lib(CTexture2d.obj)' or at 'C:\Users\Darrel\Documents\Visual Studio 2010\Experiment\Debug\vc90.pdb'; linking object as if no debug info
     1>chai3d.lib(CShader.obj) : warning LNK4099: PDB 'vc90.pdb' was not found with 'chai3d.lib(CShader.obj)' or at 'C:\Users\Darrel\Documents\Visual Studio 2010\Experiment\Debug\vc90.pdb'; linking object as if no debug info
     1>chai3d.lib(CShaderProgram.obj) : warning LNK4099: PDB 'vc90.pdb' was not found with 'chai3d.lib(CShaderProgram.obj)' or at 'C:\Users\Darrel\Documents\Visual Studio 2010\Experiment\Debug\vc90.pdb'; linking object as if no debug info
     1>chai3d.lib(CGlobals.obj) : warning LNK4099: PDB 'vc90.pdb' was not found with 'chai3d.lib(CGlobals.obj)' or at 'C:\Users\Darrel\Documents\Visual Studio 2010\Experiment\Debug\vc90.pdb'; linking object as if no debug info
     1>chai3d.lib(CString.obj) : warning LNK4099: PDB 'vc90.pdb' was not found with 'chai3d.lib(CString.obj)' or at 'C:\Users\Darrel\Documents\Visual Studio 2010\Experiment\Debug\vc90.pdb'; linking object as if no debug info
     1>chai3d.lib(CThread.obj) : warning LNK4099: PDB 'vc90.pdb' was not found with 'chai3d.lib(CThread.obj)' or at 'C:\Users\Darrel\Documents\Visual Studio 2010\Experiment\Debug\vc90.pdb'; linking object as if no debug info
     1>chai3d.lib(CFrequencyCounter.obj) : warning LNK4099: PDB 'vc90.pdb' was not found with 'chai3d.lib(CFrequencyCounter.obj)' or at 'C:\Users\Darrel\Documents\Visual Studio 2010\Experiment\Debug\vc90.pdb'; linking object as if no debug info
     1>chai3d.lib(CPrecisionClock.obj) : warning LNK4099: PDB 'vc90.pdb' was not found with 'chai3d.lib(CPrecisionClock.obj)' or at 'C:\Users\Darrel\Documents\Visual Studio 2010\Experiment\Debug\vc90.pdb'; linking object as if no debug info
     1>chai3d.lib(CGenericWidget.obj) : warning LNK4099: PDB 'vc90.pdb' was not found with 'chai3d.lib(CGenericWidget.obj)' or at 'C:\Users\Darrel\Documents\Visual Studio 2010\Experiment\Debug\vc90.pdb'; linking object as if no debug info
     1>chai3d.lib(CLabel.obj) : warning LNK4099: PDB 'vc90.pdb' was not found with 'chai3d.lib(CLabel.obj)' or at 'C:\Users\Darrel\Documents\Visual Studio 2010\Experiment\Debug\vc90.pdb'; linking object as if no debug info
     1>chai3d.lib(CPanel.obj) : warning LNK4099: PDB 'vc90.pdb' was not found with 'chai3d.lib(CPanel.obj)' or at 'C:\Users\Darrel\Documents\Visual Studio 2010\Experiment\Debug\vc90.pdb'; linking object as if no debug info
     1>chai3d.lib(CGenericObject.obj) : warning LNK4099: PDB 'vc90.pdb' was not found with 'chai3d.lib(CGenericObject.obj)' or at 'C:\Users\Darrel\Documents\Visual Studio 2010\Experiment\Debug\vc90.pdb'; linking object as if no debug info
     1>chai3d.lib(CMesh.obj) : warning LNK4099: PDB 'vc90.pdb' was not found with 'chai3d.lib(CMesh.obj)' or at 'C:\Users\Darrel\Documents\Visual Studio 2010\Experiment\Debug\vc90.pdb'; linking object as if no debug info
     1>chai3d.lib(CShapeSphere.obj) : warning LNK4099: PDB 'vc90.pdb' was not found with 'chai3d.lib(CShapeSphere.obj)' or at 'C:\Users\Darrel\Documents\Visual Studio 2010\Experiment\Debug\vc90.pdb'; linking object as if no debug info
     1>chai3d.lib(CWorld.obj) : warning LNK4099: PDB 'vc90.pdb' was not found with 'chai3d.lib(CWorld.obj)' or at 'C:\Users\Darrel\Documents\Visual Studio 2010\Experiment\Debug\vc90.pdb'; linking object as if no debug info
     1>freeglut.lib(freeglut_callbacks.obj) : warning LNK4099: PDB 'vc100.pdb' was not found with 'freeglut.lib(freeglut_callbacks.obj)' or at 'C:\Users\Darrel\Documents\Visual Studio 2010\Experiment\Debug\vc100.pdb'; linking object as if no debug info
     1>freeglut.lib(freeglut_cursor.obj) : warning LNK4099: PDB 'vc100.pdb' was not found with 'freeglut.lib(freeglut_cursor.obj)' or at 'C:\Users\Darrel\Documents\Visual Studio 2010\Experiment\Debug\vc100.pdb'; linking object as if no debug info
     1>freeglut.lib(freeglut_display.obj) : warning LNK4099: PDB 'vc100.pdb' was not found with 'freeglut.lib(freeglut_display.obj)' or at 'C:\Users\Darrel\Documents\Visual Studio 2010\Experiment\Debug\vc100.pdb'; linking object as if no debug info
     1>freeglut.lib(freeglut_font.obj) : warning LNK4099: PDB 'vc100.pdb' was not found with 'freeglut.lib(freeglut_font.obj)' or at 'C:\Users\Darrel\Documents\Visual Studio 2010\Experiment\Debug\vc100.pdb'; linking object as if no debug info
     1>freeglut.lib(freeglut_font_data.obj) : warning LNK4099: PDB 'vc100.pdb' was not found with 'freeglut.lib(freeglut_font_data.obj)' or at 'C:\Users\Darrel\Documents\Visual Studio 2010\Experiment\Debug\vc100.pdb'; linking object as if no debug info
     1>freeglut.lib(freeglut_init.obj) : warning LNK4099: PDB 'vc100.pdb' was not found with 'freeglut.lib(freeglut_init.obj)' or at 'C:\Users\Darrel\Documents\Visual Studio 2010\Experiment\Debug\vc100.pdb'; linking object as if no debug info
     1>freeglut.lib(freeglut_input_devices.obj) : warning LNK4099: PDB 'vc100.pdb' was not found with 'freeglut.lib(freeglut_input_devices.obj)' or at 'C:\Users\Darrel\Documents\Visual Studio 2010\Experiment\Debug\vc100.pdb'; linking object as if no debug info
     1>freeglut.lib(freeglut_joystick.obj) : warning LNK4099: PDB 'vc100.pdb' was not found with 'freeglut.lib(freeglut_joystick.obj)' or at 'C:\Users\Darrel\Documents\Visual Studio 2010\Experiment\Debug\vc100.pdb'; linking object as if no debug info
     1>freeglut.lib(freeglut_main.obj) : warning LNK4099: PDB 'vc100.pdb' was not found with 'freeglut.lib(freeglut_main.obj)' or at 'C:\Users\Darrel\Documents\Visual Studio 2010\Experiment\Debug\vc100.pdb'; linking object as if no debug info
     1>freeglut.lib(freeglut_menu.obj) : warning LNK4099: PDB 'vc100.pdb' was not found with 'freeglut.lib(freeglut_menu.obj)' or at 'C:\Users\Darrel\Documents\Visual Studio 2010\Experiment\Debug\vc100.pdb'; linking object as if no debug info
     1>freeglut.lib(freeglut_spaceball.obj) : warning LNK4099: PDB 'vc100.pdb' was not found with 'freeglut.lib(freeglut_spaceball.obj)' or at 'C:\Users\Darrel\Documents\Visual Studio 2010\Experiment\Debug\vc100.pdb'; linking object as if no debug info
     1>freeglut.lib(freeglut_state.obj) : warning LNK4099: PDB 'vc100.pdb' was not found with 'freeglut.lib(freeglut_state.obj)' or at 'C:\Users\Darrel\Documents\Visual Studio 2010\Experiment\Debug\vc100.pdb'; linking object as if no debug info
     1>freeglut.lib(freeglut_stroke_mono_roman.obj) : warning LNK4099: PDB 'vc100.pdb' was not found with 'freeglut.lib(freeglut_stroke_mono_roman.obj)' or at 'C:\Users\Darrel\Documents\Visual Studio 2010\Experiment\Debug\vc100.pdb'; linking object as if no debug info
     1>freeglut.lib(freeglut_stroke_roman.obj) : warning LNK4099: PDB 'vc100.pdb' was not found with 'freeglut.lib(freeglut_stroke_roman.obj)' or at 'C:\Users\Darrel\Documents\Visual Studio 2010\Experiment\Debug\vc100.pdb'; linking object as if no debug info
     1>freeglut.lib(freeglut_structure.obj) : warning LNK4099: PDB 'vc100.pdb' was not found with 'freeglut.lib(freeglut_structure.obj)' or at 'C:\Users\Darrel\Documents\Visual Studio 2010\Experiment\Debug\vc100.pdb'; linking object as if no debug info
     1>freeglut.lib(freeglut_window.obj) : warning LNK4099: PDB 'vc100.pdb' was not found with 'freeglut.lib(freeglut_window.obj)' or at 'C:\Users\Darrel\Documents\Visual Studio 2010\Experiment\Debug\vc100.pdb'; linking object as if no debug info
     1>Force_Sensor_2010.lib(dom.obj) : warning LNK4099: PDB 'vc100.pdb' was not found with 'Force_Sensor_2010.lib(dom.obj)' or at 'C:\Users\Darrel\Documents\Visual Studio 2010\Experiment\Debug\vc100.pdb'; linking object as if no debug info
     1>Force_Sensor_2010.lib(expatls.obj) : warning LNK4099: PDB 'vc100.pdb' was not found with 'Force_Sensor_2010.lib(expatls.obj)' or at 'C:\Users\Darrel\Documents\Visual Studio 2010\Experiment\Debug\vc100.pdb'; linking object as if no debug info
     1>Force_Sensor_2010.lib(ftconfig.obj) : warning LNK4099: PDB 'vc100.pdb' was not found with 'Force_Sensor_2010.lib(ftconfig.obj)' or at 'C:\Users\Darrel\Documents\Visual Studio 2010\Experiment\Debug\vc100.pdb'; linking object as if no debug info
     1>Force_Sensor_2010.lib(ftrt.obj) : warning LNK4099: PDB 'vc100.pdb' was not found with 'Force_Sensor_2010.lib(ftrt.obj)' or at 'C:\Users\Darrel\Documents\Visual Studio 2010\Experiment\Debug\vc100.pdb'; linking object as if no debug info
     1>Force_Sensor_2010.lib(node.obj) : warning LNK4099: PDB 'vc100.pdb' was not found with 'Force_Sensor_2010.lib(node.obj)' or at 'C:\Users\Darrel\Documents\Visual Studio 2010\Experiment\Debug\vc100.pdb'; linking object as if no debug info
     1>Force_Sensor_2010.lib(stack.obj) : warning LNK4099: PDB 'vc100.pdb' was not found with 'Force_Sensor_2010.lib(stack.obj)' or at 'C:\Users\Darrel\Documents\Visual Studio 2010\Experiment\Debug\vc100.pdb'; linking object as if no debug info
     1>Force_Sensor_2010.lib(xmlparse.obj) : warning LNK4099: PDB 'vc100.pdb' was not found with 'Force_Sensor_2010.lib(xmlparse.obj)' or at 'C:\Users\Darrel\Documents\Visual Studio 2010\Experiment\Debug\vc100.pdb'; linking object as if no debug info
     1>Force_Sensor_2010.lib(xmlrole.obj) : warning LNK4099: PDB 'vc100.pdb' was not found with 'Force_Sensor_2010.lib(xmlrole.obj)' or at 'C:\Users\Darrel\Documents\Visual Studio 2010\Experiment\Debug\vc100.pdb'; linking object as if no debug info
     1>Force_Sensor_2010.lib(xmltok.obj) : warning LNK4099: PDB 'vc100.pdb' was not found with 'Force_Sensor_2010.lib(xmltok.obj)' or at 'C:\Users\Darrel\Documents\Visual Studio 2010\Experiment\Debug\vc100.pdb'; linking object as if no debug info
       Manifest:
         C:\Program Files (x86)\Microsoft SDKs\Windows\v7.0A\bin\mt.exe /nologo /verbose /out:"Debug\Experiment.exe.embed.manifest" /manifest Debug\Experiment.exe.intermediate.manifest
         All outputs are up-to-date.
       LinkEmbedManifest:
         All outputs are up-to-date.
         Experiment.vcxproj -> C:\Users\Darrel\Documents\Visual Studio 2010\Experiment\Debug\Experiment.exe
       FinalizeBuildStatus:
         Deleting file "Debug\Experiment.unsuccessfulbuild".
         Touching "Debug\Experiment.lastbuildstate".
     1>Done Building Project "C:\Users\Darrel\Documents\Visual Studio 2010\Experiment\Experiment\Experiment.vcxproj" (build target(s)).

Build succeeded.

Time Elapsed 00:00:02.73
