C:\Users\Darrel\Documents\Visual Studio 2010\Experiment\Experiment\Debug\cl.command.1.tlog
C:\Users\Darrel\Documents\Visual Studio 2010\Experiment\Experiment\Debug\CL.read.1.tlog
C:\Users\Darrel\Documents\Visual Studio 2010\Experiment\Experiment\Debug\CL.write.1.tlog
C:\USERS\DARREL\DOCUMENTS\VISUAL STUDIO 2010\EXPERIMENT\EXPERIMENT\DEBUG\CNEUROTOUCH.OBJ
C:\USERS\DARREL\DOCUMENTS\VISUAL STUDIO 2010\EXPERIMENT\EXPERIMENT\DEBUG\DATA.OBJ
C:\USERS\DARREL\DOCUMENTS\VISUAL STUDIO 2010\EXPERIMENT\EXPERIMENT\DEBUG\EMOTIV.OBJ
C:\Users\Darrel\Documents\Visual Studio 2010\Experiment\Experiment\Debug\Experiment.exe.embed.manifest
C:\USERS\DARREL\DOCUMENTS\VISUAL STUDIO 2010\EXPERIMENT\EXPERIMENT\DEBUG\EXPERIMENT.EXE.EMBED.MANIFEST.RES
C:\Users\Darrel\Documents\Visual Studio 2010\Experiment\Experiment\Debug\Experiment.exe.intermediate.manifest
C:\USERS\DARREL\DOCUMENTS\VISUAL STUDIO 2010\EXPERIMENT\EXPERIMENT\DEBUG\EXPERIMENT.OBJ
C:\Users\Darrel\Documents\Visual Studio 2010\Experiment\Experiment\Debug\Experiment.write.1.tlog
C:\Users\Darrel\Documents\Visual Studio 2010\Experiment\Experiment\Debug\Experiment_manifest.rc
C:\USERS\DARREL\DOCUMENTS\VISUAL STUDIO 2010\EXPERIMENT\EXPERIMENT\DEBUG\GRAPHICS.OBJ
C:\Users\Darrel\Documents\Visual Studio 2010\Experiment\Experiment\Debug\link.command.1.tlog
C:\Users\Darrel\Documents\Visual Studio 2010\Experiment\Experiment\Debug\link.read.1.tlog
C:\Users\Darrel\Documents\Visual Studio 2010\Experiment\Experiment\Debug\link.write.1.tlog
C:\Users\Darrel\Documents\Visual Studio 2010\Experiment\Experiment\Debug\link-cvtres.read.1.tlog
C:\Users\Darrel\Documents\Visual Studio 2010\Experiment\Experiment\Debug\link-cvtres.write.1.tlog
C:\USERS\DARREL\DOCUMENTS\VISUAL STUDIO 2010\EXPERIMENT\EXPERIMENT\DEBUG\MAIN.OBJ
C:\USERS\DARREL\DOCUMENTS\VISUAL STUDIO 2010\EXPERIMENT\EXPERIMENT\DEBUG\NETWORKINGUTILS.OBJ
C:\USERS\DARREL\DOCUMENTS\VISUAL STUDIO 2010\EXPERIMENT\EXPERIMENT\DEBUG\NEUROTOUCH.OBJ
C:\USERS\DARREL\DOCUMENTS\VISUAL STUDIO 2010\EXPERIMENT\EXPERIMENT\DEBUG\OSC_LISTENER.OBJ
C:\USERS\DARREL\DOCUMENTS\VISUAL STUDIO 2010\EXPERIMENT\EXPERIMENT\DEBUG\OSCOUTBOUNDPACKETSTREAM.OBJ
C:\USERS\DARREL\DOCUMENTS\VISUAL STUDIO 2010\EXPERIMENT\EXPERIMENT\DEBUG\OSCPRINTRECEIVEDELEMENTS.OBJ
C:\USERS\DARREL\DOCUMENTS\VISUAL STUDIO 2010\EXPERIMENT\EXPERIMENT\DEBUG\OSCRECEIVEDELEMENTS.OBJ
C:\USERS\DARREL\DOCUMENTS\VISUAL STUDIO 2010\EXPERIMENT\EXPERIMENT\DEBUG\OSCTYPES.OBJ
C:\USERS\DARREL\DOCUMENTS\VISUAL STUDIO 2010\EXPERIMENT\EXPERIMENT\DEBUG\PHANTOM.OBJ
C:\Users\Darrel\Documents\Visual Studio 2010\Experiment\Experiment\Debug\rc.command.1.tlog
C:\Users\Darrel\Documents\Visual Studio 2010\Experiment\Experiment\Debug\rc.read.1.tlog
C:\Users\Darrel\Documents\Visual Studio 2010\Experiment\Experiment\Debug\rc.write.1.tlog
C:\USERS\DARREL\DOCUMENTS\VISUAL STUDIO 2010\EXPERIMENT\EXPERIMENT\DEBUG\UDPSOCKET.OBJ
C:\Users\Darrel\Documents\Visual Studio 2010\Experiment\Experiment\Debug\vc100.idb
C:\USERS\DARREL\DOCUMENTS\VISUAL STUDIO 2010\EXPERIMENT\EXPERIMENT\DEBUG\VC100.PDB
C:\USERS\DARREL\DOCUMENTS\VISUAL STUDIO 2010\EXPERIMENT\EXPERIMENT\DEBUG\WIN626.OBJ
